<?xml version="1.0" encoding="UTF-8"?>
<!-- Generated by org.testng.reporters.JUnitReportReporter -->
<testsuite hostname="P3C-1P9FGP2" failures="0" tests="1" name="iframess" time="29.078" errors="0" timestamp="2020-01-22T15:06:23 IST" skipped="0">
  <testcase classname="iframess" name="frame" time="29.078"/>
</testsuite> <!-- iframess -->
