<?xml version="1.0" encoding="UTF-8"?>
<!-- Generated by org.testng.reporters.JUnitReportReporter -->
<testsuite hostname="P3C-1P9FGP2" failures="0" tests="1" name="set" time="0.015" errors="0" timestamp="2020-01-22T14:57:00 IST" skipped="0">
  <testcase classname="set" name="add" time="0.015"/>
</testsuite> <!-- set -->
