<?xml version="1.0" encoding="UTF-8"?>
<!-- Generated by org.testng.reporters.JUnitReportReporter -->
<testsuite hostname="P3C-1P9FGP2" failures="0" tests="1" name="mouse_movements" time="21.028" errors="0" timestamp="2020-01-22T11:11:28 IST" skipped="0">
  <testcase classname="mouse_movements" name="mouse_keys" time="21.028"/>
</testsuite> <!-- mouse_movements -->
