<?xml version="1.0" encoding="UTF-8"?>
<!-- Generated by org.testng.reporters.JUnitReportReporter -->
<testsuite hostname="P3C-1P9FGP2" failures="0" tests="1" name="windows" time="27.186" errors="0" timestamp="2020-01-22T15:08:06 IST" skipped="0">
  <testcase classname="windows" name="frame" time="27.186"/>
</testsuite> <!-- windows -->
