<?xml version="1.0" encoding="UTF-8"?>
<!-- Generated by org.testng.reporters.JUnitReportReporter -->
<testsuite hostname="P3C-1P9FGP2" failures="0" tests="1" name="browser" time="8.790" errors="0" timestamp="2020-01-21T11:53:46 IST" skipped="0">
  <testcase classname="browser" name="launch" time="8.790"/>
</testsuite> <!-- browser -->
