<?xml version="1.0" encoding="UTF-8"?>
<!-- Generated by org.testng.reporters.JUnitReportReporter -->
<testsuite hostname="P3C-1P9FGP2" failures="0" tests="1" name="keyboard_keys" time="23.708" errors="0" timestamp="2020-01-22T10:55:55 IST" skipped="0">
  <testcase classname="keyboard_keys" name="keys_s" time="23.708"/>
</testsuite> <!-- keyboard_keys -->
